<?xml version="1.0" encoding="UTF-8"?>
<testsuite xmlns:xsi="http://www.w3.org/2001/XMLSchema-instance" xsi:noNamespaceSchemaLocation="https://maven.apache.org/surefire/maven-surefire-plugin/xsd/surefire-test-report.xsd" version="3.0.1" name="com.mycompany.app.WordTest" time="0.031" tests="8" errors="0" skipped="0" failures="1">
  <properties>
[...]
</properties>
  <testcase name="testMinPairEqual" classname="com.mycompany.app.WordTest" time="0.011">
    <system-out><![CDATA[shared = 1 aK = 0 bK = 0
shared = 0 aK = 0 bK = 0
]]></system-out>
  </testcase>
  <testcase name="testMinPairKnown" classname="com.mycompany.app.WordTest" time="0.001">
    <system-out><![CDATA[shared = 1 aK = 1 bK = 1
shared = 0 aK = 1 bK = 1
shared = 0 aK = 1 bK = 1
]]></system-out>
  </testcase>
  <testcase name="testPrefix0" classname="com.mycompany.app.WordTest" time="0.001"/>
  <testcase name="testPrefix1" classname="com.mycompany.app.WordTest" time="0.0"/>
  <testcase name="testPrefix2" classname="com.mycompany.app.WordTest" time="0.001"/>
  <testcase name="testSuffix0" classname="com.mycompany.app.WordTest" time="0.001"/>
  <testcase name="testSuffix1" classname="com.mycompany.app.WordTest" time="0.003">
    <failure message="expected: &lt;true&gt; but was: &lt;false&gt;" type="org.opentest4j.AssertionFailedError"><![CDATA[org.opentest4j.AssertionFailedError: expected: <true> but was: <false>
	at org.junit.jupiter.api.AssertionFailureBuilder.build(AssertionFailureBuilder.java:151)
	at org.junit.jupiter.api.AssertionFailureBuilder.buildAndThrow(AssertionFailureBuilder.java:132)
	at org.junit.jupiter.api.AssertTrue.failNotTrue(AssertTrue.java:63)
	at org.junit.jupiter.api.AssertTrue.assertTrue(AssertTrue.java:36)
	at org.junit.jupiter.api.AssertTrue.assertTrue(AssertTrue.java:31)
	at org.junit.jupiter.api.Assertions.assertTrue(Assertions.java:183)
	at com.mycompany.app.WordTest.testSuffix1(WordTest.java:101)
	at java.base/java.lang.reflect.Method.invoke(Method.java:565)
	at java.base/java.util.ArrayList.forEach(ArrayList.java:1604)
	at java.base/java.util.ArrayList.forEach(ArrayList.java:1604)
]]></failure>
  </testcase>
  <testcase name="testMinPairUneqaul" classname="com.mycompany.app.WordTest" time="0.0">
    <system-out><![CDATA[shared = 2 aK = 0 bK = 0
shared = 0 aK = 0 bK = 0
]]></system-out>
  </testcase>
</testsuite>